mode: atomic
github.com/irahulranjan/go-stackoverflow/csv/csv.go:11.90,13.40 2 0
github.com/irahulranjan/go-stackoverflow/csv/csv.go:13.40,15.3 1 0
github.com/irahulranjan/go-stackoverflow/csv/csv.go:16.2,17.27 2 0
github.com/irahulranjan/go-stackoverflow/csv/csv.go:17.27,18.34 1 0
github.com/irahulranjan/go-stackoverflow/csv/csv.go:18.34,20.4 1 0
github.com/irahulranjan/go-stackoverflow/csv/csv.go:21.3,21.35 1 0
github.com/irahulranjan/go-stackoverflow/csv/csv.go:21.35,24.4 2 0
github.com/irahulranjan/go-stackoverflow/csv/csv.go:26.2,28.8 3 0
github.com/irahulranjan/go-stackoverflow/csv/csv.go:32.53,34.2 1 0
github.com/irahulranjan/go-stackoverflow/csv/csv.go:36.82,43.6 7 0
github.com/irahulranjan/go-stackoverflow/csv/csv.go:43.6,45.20 2 0
github.com/irahulranjan/go-stackoverflow/csv/csv.go:45.20,46.9 1 0
github.com/irahulranjan/go-stackoverflow/csv/csv.go:48.3,48.17 1 0
github.com/irahulranjan/go-stackoverflow/csv/csv.go:48.17,50.4 1 0
github.com/irahulranjan/go-stackoverflow/csv/csv.go:51.3,51.20 1 0
github.com/irahulranjan/go-stackoverflow/csv/csv.go:51.20,53.4 1 0
github.com/irahulranjan/go-stackoverflow/csv/csv.go:53.9,55.26 2 0
github.com/irahulranjan/go-stackoverflow/csv/csv.go:55.26,57.5 1 0
github.com/irahulranjan/go-stackoverflow/csv/csv.go:58.4,58.29 1 0
github.com/irahulranjan/go-stackoverflow/csv/csv.go:61.2,61.13 1 0
github.com/irahulranjan/go-stackoverflow/csv/csv.go:66.52,67.25 1 10
github.com/irahulranjan/go-stackoverflow/csv/csv.go:67.25,68.16 1 22
github.com/irahulranjan/go-stackoverflow/csv/csv.go:68.16,70.4 1 6
github.com/irahulranjan/go-stackoverflow/csv/csv.go:72.2,72.14 1 4
